[ERROR] Missing 'Allowed_Universal_Links' in config: c:\Users\Davido\Documents\GitHub\PvZ2-python-scripts\scripts\function_config.json
[ERROR] Missing 'Arcade_Config' in config: c:\Users\Davido\Documents\GitHub\PvZ2-python-scripts\scripts\function_config.json
[INFO] Processed ArmorTypes data saved to: C:\Personal\PvZ2\Projects\Impunity\main.675.com.ea.game.pvz2_imp.obb.bundle\packages\ArmorTypes.json
[ERROR] Missing 'Autocado' in config: c:\Users\Davido\Documents\GitHub\PvZ2-python-scripts\scripts\function_config.json
[ERROR] Missing 'Award_Config' in config: c:\Users\Davido\Documents\GitHub\PvZ2-python-scripts\scripts\function_config.json
[INFO] Processed BoardGridMaps data saved to: C:\Personal\PvZ2\Projects\Impunity\main.675.com.ea.game.pvz2_imp.obb.bundle\packages\BoardGridMaps.json
[ERROR] Missing 'Calendar_Config' in config: c:\Users\Davido\Documents\GitHub\PvZ2-python-scripts\scripts\function_config.json
[ERROR] Missing 'Calendar_Schedule' in config: c:\Users\Davido\Documents\GitHub\PvZ2-python-scripts\scripts\function_config.json
[ERROR] Missing 'Calendar_Themes' in config: c:\Users\Davido\Documents\GitHub\PvZ2-python-scripts\scripts\function_config.json
[ERROR] Missing 'CDN_Config' in config: c:\Users\Davido\Documents\GitHub\PvZ2-python-scripts\scripts\function_config.json
[ERROR] Missing 'CollectableTypes' in config: c:\Users\Davido\Documents\GitHub\PvZ2-python-scripts\scripts\function_config.json
[ERROR] Missing 'Colors' in config: c:\Users\Davido\Documents\GitHub\PvZ2-python-scripts\scripts\function_config.json
[ERROR] Missing 'Colors_Aliases' in config: c:\Users\Davido\Documents\GitHub\PvZ2-python-scripts\scripts\function_config.json
[ERROR] Missing 'CreatureTypes' in config: c:\Users\Davido\Documents\GitHub\PvZ2-python-scripts\scripts\function_config.json
[ERROR] Missing 'DailyQuest_Schedule' in config: c:\Users\Davido\Documents\GitHub\PvZ2-python-scripts\scripts\function_config.json
[ERROR] Missing 'EASquared_Config' in config: c:\Users\Davido\Documents\GitHub\PvZ2-python-scripts\scripts\function_config.json
[ERROR] Missing 'EffectObjectTypes' in config: c:\Users\Davido\Documents\GitHub\PvZ2-python-scripts\scripts\function_config.json
[ERROR] Missing 'Event_Schedule' in config: c:\Users\Davido\Documents\GitHub\PvZ2-python-scripts\scripts\function_config.json
[ERROR] Missing 'Fonts' in config: c:\Users\Davido\Documents\GitHub\PvZ2-python-scripts\scripts\function_config.json
[ERROR] Missing 'Fonts_Aliases' in config: c:\Users\Davido\Documents\GitHub\PvZ2-python-scripts\scripts\function_config.json
[ERROR] Missing 'ForceUpdateConfig' in config: c:\Users\Davido\Documents\GitHub\PvZ2-python-scripts\scripts\function_config.json
[ERROR] Missing 'GameFeatures' in config: c:\Users\Davido\Documents\GitHub\PvZ2-python-scripts\scripts\function_config.json
[ERROR] Missing 'GriditemProps' in config: c:\Users\Davido\Documents\GitHub\PvZ2-python-scripts\scripts\function_config.json
[ERROR] Missing 'GriditemTypes' in config: c:\Users\Davido\Documents\GitHub\PvZ2-python-scripts\scripts\function_config.json
[ERROR] Missing 'HeroTypes' in config: c:\Users\Davido\Documents\GitHub\PvZ2-python-scripts\scripts\function_config.json
[ERROR] Missing 'HotUIConfig' in config: c:\Users\Davido\Documents\GitHub\PvZ2-python-scripts\scripts\function_config.json
[ERROR] Missing 'Joust_Config' in config: c:\Users\Davido\Documents\GitHub\PvZ2-python-scripts\scripts\function_config.json
[ERROR] Missing 'Joust_CrownRewards' in config: c:\Users\Davido\Documents\GitHub\PvZ2-python-scripts\scripts\function_config.json
[ERROR] Missing 'Joust_Leaderboards' in config: c:\Users\Davido\Documents\GitHub\PvZ2-python-scripts\scripts\function_config.json
[ERROR] Missing 'Joust_Levels' in config: c:\Users\Davido\Documents\GitHub\PvZ2-python-scripts\scripts\function_config.json
[ERROR] Missing 'Joust_Profile' in config: c:\Users\Davido\Documents\GitHub\PvZ2-python-scripts\scripts\function_config.json
[ERROR] Missing 'Joust_ProgressiveRewards' in config: c:\Users\Davido\Documents\GitHub\PvZ2-python-scripts\scripts\function_config.json
[ERROR] Missing 'Joust_Schedule' in config: c:\Users\Davido\Documents\GitHub\PvZ2-python-scripts\scripts\function_config.json
[ERROR] Missing 'Joust_Season_Rewards' in config: c:\Users\Davido\Documents\GitHub\PvZ2-python-scripts\scripts\function_config.json
[ERROR] Missing 'Joust_Season_Schedule' in config: c:\Users\Davido\Documents\GitHub\PvZ2-python-scripts\scripts\function_config.json
[ERROR] Missing 'Joust_TournamentRewards' in config: c:\Users\Davido\Documents\GitHub\PvZ2-python-scripts\scripts\function_config.json
[INFO] Processed LawnStrings-DE-DE data saved to: C:\Personal\PvZ2\Projects\Impunity\main.675.com.ea.game.pvz2_imp.obb.bundle\packages\LawnStrings-DE-DE.json
[INFO] Processed LawnStrings-EN-US data saved to: C:\Personal\PvZ2\Projects\Impunity\main.675.com.ea.game.pvz2_imp.obb.bundle\packages\LawnStrings-EN-US.json
[INFO] Processed LawnStrings-ES-ES data saved to: C:\Personal\PvZ2\Projects\Impunity\main.675.com.ea.game.pvz2_imp.obb.bundle\packages\LawnStrings-ES-ES.json
[INFO] Processed LawnStrings-FR-FR data saved to: C:\Personal\PvZ2\Projects\Impunity\main.675.com.ea.game.pvz2_imp.obb.bundle\packages\LawnStrings-FR-FR.json
[INFO] Processed LawnStrings-IT-IT data saved to: C:\Personal\PvZ2\Projects\Impunity\main.675.com.ea.game.pvz2_imp.obb.bundle\packages\LawnStrings-IT-IT.json
[INFO] Processed LawnStrings-PT-BR data saved to: C:\Personal\PvZ2\Projects\Impunity\main.675.com.ea.game.pvz2_imp.obb.bundle\packages\LawnStrings-PT-BR.json
[ERROR] Missing 'LevelGen' in config: c:\Users\Davido\Documents\GitHub\PvZ2-python-scripts\scripts\function_config.json
[ERROR] Missing 'LevelModules' in config: c:\Users\Davido\Documents\GitHub\PvZ2-python-scripts\scripts\function_config.json
[ERROR] Missing 'LevelModulesDifficulty' in config: c:\Users\Davido\Documents\GitHub\PvZ2-python-scripts\scripts\function_config.json
[ERROR] Missing 'LevelMutatorModules' in config: c:\Users\Davido\Documents\GitHub\PvZ2-python-scripts\scripts\function_config.json
[ERROR] Missing 'LevelMutatorTables' in config: c:\Users\Davido\Documents\GitHub\PvZ2-python-scripts\scripts\function_config.json
[ERROR] Missing 'LevelScoringRules' in config: c:\Users\Davido\Documents\GitHub\PvZ2-python-scripts\scripts\function_config.json
[ERROR] Missing 'LiveConfig' in config: c:\Users\Davido\Documents\GitHub\PvZ2-python-scripts\scripts\function_config.json
[ERROR] Missing 'Loading_Text' in config: c:\Users\Davido\Documents\GitHub\PvZ2-python-scripts\scripts\function_config.json
[ERROR] Missing 'LOD_Config' in config: c:\Users\Davido\Documents\GitHub\PvZ2-python-scripts\scripts\function_config.json
[ERROR] Missing 'LOD_Events' in config: c:\Users\Davido\Documents\GitHub\PvZ2-python-scripts\scripts\function_config.json
[ERROR] Missing 'LOD_Holidays' in config: c:\Users\Davido\Documents\GitHub\PvZ2-python-scripts\scripts\function_config.json
[ERROR] Missing 'LOD_Rewards' in config: c:\Users\Davido\Documents\GitHub\PvZ2-python-scripts\scripts\function_config.json
[ERROR] Missing 'LootModifierSchedule' in config: c:\Users\Davido\Documents\GitHub\PvZ2-python-scripts\scripts\function_config.json
[ERROR] Missing 'Magento_Filter' in config: c:\Users\Davido\Documents\GitHub\PvZ2-python-scripts\scripts\function_config.json
[ERROR] Missing 'Manifest' in config: c:\Users\Davido\Documents\GitHub\PvZ2-python-scripts\scripts\function_config.json
[ERROR] Missing 'Market_Layout' in config: c:\Users\Davido\Documents\GitHub\PvZ2-python-scripts\scripts\function_config.json
[ERROR] Missing 'Market_Schedule' in config: c:\Users\Davido\Documents\GitHub\PvZ2-python-scripts\scripts\function_config.json
[ERROR] Missing 'NewMapConversionMapping' in config: c:\Users\Davido\Documents\GitHub\PvZ2-python-scripts\scripts\function_config.json
[ERROR] Missing 'News' in config: c:\Users\Davido\Documents\GitHub\PvZ2-python-scripts\scripts\function_config.json
[ERROR] Missing 'NPCs' in config: c:\Users\Davido\Documents\GitHub\PvZ2-python-scripts\scripts\function_config.json
[ERROR] Missing 'OldMapDataMapping' in config: c:\Users\Davido\Documents\GitHub\PvZ2-python-scripts\scripts\function_config.json
[ERROR] Missing 'OttoBot' in config: c:\Users\Davido\Documents\GitHub\PvZ2-python-scripts\scripts\function_config.json
[ERROR] Missing 'PersonalConfig' in config: c:\Users\Davido\Documents\GitHub\PvZ2-python-scripts\scripts\function_config.json
[ERROR] Missing 'PinataCoreLoot' in config: c:\Users\Davido\Documents\GitHub\PvZ2-python-scripts\scripts\function_config.json
[ERROR] Missing 'PinataTypes' in config: c:\Users\Davido\Documents\GitHub\PvZ2-python-scripts\scripts\function_config.json
[ERROR] Missing 'Plant_RV_Rental_Schedule' in config: c:\Users\Davido\Documents\GitHub\PvZ2-python-scripts\scripts\function_config.json
[ERROR] Missing 'PlantAlmanacData' in config: c:\Users\Davido\Documents\GitHub\PvZ2-python-scripts\scripts\function_config.json
[ERROR] Missing 'PlantFamilyTypes' in config: c:\Users\Davido\Documents\GitHub\PvZ2-python-scripts\scripts\function_config.json
[INFO] Processed PlantLevels data saved to: C:\Personal\PvZ2\Projects\Impunity\main.675.com.ea.game.pvz2_imp.obb.bundle\packages\PlantLevels.json
[ERROR] Missing 'PlantMastery' in config: c:\Users\Davido\Documents\GitHub\PvZ2-python-scripts\scripts\function_config.json
[ERROR] Missing 'PlantPowerups' in config: c:\Users\Davido\Documents\GitHub\PvZ2-python-scripts\scripts\function_config.json
[WARNING] Missing sub-keys for objclass 'PowerLilyProps' or 'sub_keys' is None.
[WARNING] Missing sub-keys for objclass 'GoldLeafProps' or 'sub_keys' is None.
[WARNING] Missing sub-keys for objclass 'LilyPadProps' or 'sub_keys' is None.
[WARNING] Missing sub-keys for objclass 'GuacodileProps' or 'sub_keys' is None.
[WARNING] Missing sub-keys for objclass 'GoldbloomProps' or 'sub_keys' is None.
[WARNING] Missing sub-keys for objclass 'ParsnipProps' or 'sub_keys' is None.
[WARNING] Missing sub-keys for objclass 'PlantAnimRigPropertySheet' or 'sub_keys' is None.
[WARNING] Missing sub-keys for objclass 'PlantAnimRigPropertySheet' or 'sub_keys' is None.
[WARNING] Missing sub-keys for objclass 'EnlightenmintProps' or 'sub_keys' is None.
[WARNING] Missing sub-keys for objclass 'PlantAnimRigPropertySheet' or 'sub_keys' is None.
[WARNING] Missing sub-keys for objclass 'PlantAnimRigPropertySheet' or 'sub_keys' is None.
[INFO] Processed PlantProperties data saved to: C:\Personal\PvZ2\Projects\Impunity\main.675.com.ea.game.pvz2_imp.obb.bundle\packages\PlantProperties.json
[INFO] Processed PlantTypes data saved to: C:\Personal\PvZ2\Projects\Impunity\main.675.com.ea.game.pvz2_imp.obb.bundle\packages\PlantTypes.json
[ERROR] Missing 'PlayerSegments' in config: c:\Users\Davido\Documents\GitHub\PvZ2-python-scripts\scripts\function_config.json
[ERROR] Missing 'Powers' in config: c:\Users\Davido\Documents\GitHub\PvZ2-python-scripts\scripts\function_config.json
[ERROR] Missing 'PowerupTypes' in config: c:\Users\Davido\Documents\GitHub\PvZ2-python-scripts\scripts\function_config.json
[ERROR] Missing 'PresentTables' in config: c:\Users\Davido\Documents\GitHub\PvZ2-python-scripts\scripts\function_config.json
[ERROR] Missing 'PresentTypes' in config: c:\Users\Davido\Documents\GitHub\PvZ2-python-scripts\scripts\function_config.json
[INFO] Processed Products data saved to: C:\Personal\PvZ2\Projects\Impunity\main.675.com.ea.game.pvz2_imp.obb.bundle\packages\Products.json
[WARNING] Missing sub-keys for objclass 'FishHookProjectileProps' or 'sub_keys' is None.
[WARNING] Missing sub-keys for objclass 'ShockWaveProjectileProps' or 'sub_keys' is None.
[WARNING] Missing sub-keys for objclass 'PoisonPeashooterProjectileProps' or 'sub_keys' is None.
[WARNING] Missing sub-keys for objclass 'PoisonPeashooterPlantFoodProjectileProps' or 'sub_keys' is None.
[WARNING] Missing sub-keys for objclass 'PennyPerkShockwaveProjectileProperties' or 'sub_keys' is None.
[WARNING] Missing sub-keys for objclass 'HelpdeskLaptopProjectileProps' or 'sub_keys' is None.
[WARNING] Missing sub-keys for objclass 'BoomFlowerPlantfoodProjectileProps' or 'sub_keys' is None.
[INFO] Processed ProjectileTypes data saved to: C:\Personal\PvZ2\Projects\Impunity\main.675.com.ea.game.pvz2_imp.obb.bundle\packages\ProjectileTypes.json
[ERROR] Missing 'PropertySheets' in config: c:\Users\Davido\Documents\GitHub\PvZ2-python-scripts\scripts\function_config.json
[ERROR] Missing 'Quest_Categories' in config: c:\Users\Davido\Documents\GitHub\PvZ2-python-scripts\scripts\function_config.json
[ERROR] Missing 'Quest_Rewards' in config: c:\Users\Davido\Documents\GitHub\PvZ2-python-scripts\scripts\function_config.json
[ERROR] Missing 'Quest_Themes' in config: c:\Users\Davido\Documents\GitHub\PvZ2-python-scripts\scripts\function_config.json
[ERROR] Missing 'Quests' in config: c:\Users\Davido\Documents\GitHub\PvZ2-python-scripts\scripts\function_config.json
[ERROR] Missing 'Rift_Config' in config: c:\Users\Davido\Documents\GitHub\PvZ2-python-scripts\scripts\function_config.json
[ERROR] Missing 'Rift_Event_Config' in config: c:\Users\Davido\Documents\GitHub\PvZ2-python-scripts\scripts\function_config.json
[ERROR] Missing 'Rift_First_Clear_Rewards' in config: c:\Users\Davido\Documents\GitHub\PvZ2-python-scripts\scripts\function_config.json
[ERROR] Missing 'Rift_Level_Unlocks' in config: c:\Users\Davido\Documents\GitHub\PvZ2-python-scripts\scripts\function_config.json
[ERROR] Missing 'Rift_Perk_Progression' in config: c:\Users\Davido\Documents\GitHub\PvZ2-python-scripts\scripts\function_config.json
[ERROR] Missing 'Rift_Perks' in config: c:\Users\Davido\Documents\GitHub\PvZ2-python-scripts\scripts\function_config.json
[ERROR] Missing 'Rift_Schedule' in config: c:\Users\Davido\Documents\GitHub\PvZ2-python-scripts\scripts\function_config.json
[ERROR] Missing 'Rift_Sub_Event' in config: c:\Users\Davido\Documents\GitHub\PvZ2-python-scripts\scripts\function_config.json
[ERROR] Missing 'Rift_Zomboss_Rewards' in config: c:\Users\Davido\Documents\GitHub\PvZ2-python-scripts\scripts\function_config.json
[ERROR] Missing 'ServerConfig' in config: c:\Users\Davido\Documents\GitHub\PvZ2-python-scripts\scripts\function_config.json
[ERROR] Missing 'StartupConfig' in config: c:\Users\Davido\Documents\GitHub\PvZ2-python-scripts\scripts\function_config.json
[ERROR] Missing 'StreamingWaves' in config: c:\Users\Davido\Documents\GitHub\PvZ2-python-scripts\scripts\function_config.json
[ERROR] Missing 'Thymed_Event_Schedule' in config: c:\Users\Davido\Documents\GitHub\PvZ2-python-scripts\scripts\function_config.json
[ERROR] Missing 'Thymed_Event_Track_Definitions' in config: c:\Users\Davido\Documents\GitHub\PvZ2-python-scripts\scripts\function_config.json
[ERROR] Missing 'ToolPackets' in config: c:\Users\Davido\Documents\GitHub\PvZ2-python-scripts\scripts\function_config.json
[ERROR] Missing 'UI_Layout' in config: c:\Users\Davido\Documents\GitHub\PvZ2-python-scripts\scripts\function_config.json
[ERROR] Missing 'Version' in config: c:\Users\Davido\Documents\GitHub\PvZ2-python-scripts\scripts\function_config.json
[INFO] Processed WorldMapList data saved to: C:\Personal\PvZ2\Projects\Impunity\main.675.com.ea.game.pvz2_imp.obb.bundle\packages\WorldMapList.json
[INFO] Processed WorldMapList_Rift data saved to: C:\Personal\PvZ2\Projects\Impunity\main.675.com.ea.game.pvz2_imp.obb.bundle\packages\WorldMapList_Rift.json
[INFO] Processed WorldMapList_Utility data saved to: C:\Personal\PvZ2\Projects\Impunity\main.675.com.ea.game.pvz2_imp.obb.bundle\packages\WorldMapList_Utility.json
[ERROR] Missing 'ZombieActions' in config: c:\Users\Davido\Documents\GitHub\PvZ2-python-scripts\scripts\function_config.json
[INFO] Processed ZombieProperties data saved to: C:\Personal\PvZ2\Projects\Impunity\main.675.com.ea.game.pvz2_imp.obb.bundle\packages\ZombieProperties.json
[INFO] Processed ZombieSwapLists data saved to: C:\Personal\PvZ2\Projects\Impunity\main.675.com.ea.game.pvz2_imp.obb.bundle\packages\ZombieSwapLists.json
[INFO] Processed ZombieSwapProperties data saved to: C:\Personal\PvZ2\Projects\Impunity\main.675.com.ea.game.pvz2_imp.obb.bundle\packages\ZombieSwapProperties.json
[INFO] Processed ZombieTypes data saved to: C:\Personal\PvZ2\Projects\Impunity\main.675.com.ea.game.pvz2_imp.obb.bundle\packages\ZombieTypes.json
